# JRE version: OpenJDK Runtime Environment Temurin-17.0.13+11 (17.0.13+11) (build 17.0.13+11)
# Java VM: OpenJDK 64-Bit Server VM Temurin-17.0.13+11 (17.0.13+11, mixed mode, tiered, compressed oops, compressed class ptrs, parallel gc, windows-amd64)
GC Precious Log:
 CPUs: 8 total, 8 available
 Memory: 16221M
 Large Page Support: Disabled
 NUMA Support: Disabled
 Compressed Oops: Enabled (32-bit)
 Alignments: Space 512K, Generation 512K, Heap 2M
 Heap Min Capacity: 100M
 Heap Initial Capacity: 100M
 Heap Max Capacity: 1G
 Pre-touch: Disabled
 Parallel Workers: 8
Heap:
 PSYoungGen      total 4608K, used 4148K [0x00000000eab00000, 0x00000000eb080000, 0x0000000100000000)
  eden space 3584K, 100% used [0x00000000eab00000,0x00000000eae80000,0x00000000eae80000)
  from space 1024K, 55% used [0x00000000eae80000,0x00000000eaf0d220,0x00000000eaf80000)
  to   space 1024K, 0% used [0x00000000eaf80000,0x00000000eaf80000,0x00000000eb080000)
 ParOldGen       total 165888K, used 165448K [0x00000000c0000000, 0x00000000ca200000, 0x00000000eab00000)
  object space 165888K, 99% used [0x00000000c0000000,0x00000000ca192010,0x00000000ca200000)
 Metaspace       used 94252K, committed 95616K, reserved 1179648K
  class space    used 9826K, committed 10432K, reserved 1048576K
GC Heap History (20 events):
Event: 2273.501 GC heap after
{Heap after GC invocations=816 (full 29):
 PSYoungGen      total 4608K, used 544K [0x00000000eab00000, 0x00000000eb080000, 0x0000000100000000)
  eden space 3584K, 0% used [0x00000000eab00000,0x00000000eab00000,0x00000000eae80000)
  from space 1024K, 53% used [0x00000000eaf80000,0x00000000eb008000,0x00000000eb080000)
  to   space 1024K, 0% used [0x00000000eae80000,0x00000000eae80000,0x00000000eaf80000)
 ParOldGen       total 165376K, used 161792K [0x00000000c0000000, 0x00000000ca180000, 0x00000000eab00000)
  object space 165376K, 97% used [0x00000000c0000000,0x00000000c9e00318,0x00000000ca180000)
 Metaspace       used 94189K, committed 95552K, reserved 1179648K
  class space    used 9825K, committed 10432K, reserved 1048576K
}
Event: 2280.249 GC heap before
{Heap before GC invocations=817 (full 29):
 PSYoungGen      total 4608K, used 4128K [0x00000000eab00000, 0x00000000eb080000, 0x0000000100000000)
  eden space 3584K, 100% used [0x00000000eab00000,0x00000000eae80000,0x00000000eae80000)
  from space 1024K, 53% used [0x00000000eaf80000,0x00000000eb008000,0x00000000eb080000)
  to   space 1024K, 0% used [0x00000000eae80000,0x00000000eae80000,0x00000000eaf80000)
 ParOldGen       total 165376K, used 161792K [0x00000000c0000000, 0x00000000ca180000, 0x00000000eab00000)
  object space 165376K, 97% used [0x00000000c0000000,0x00000000c9e00318,0x00000000ca180000)
 Metaspace       used 94192K, committed 95552K, reserved 1179648K
  class space    used 9825K, committed 10432K, reserved 1048576K
}
Event: 2280.250 GC heap after
{Heap after GC invocations=817 (full 29):
 PSYoungGen      total 4608K, used 724K [0x00000000eab00000, 0x00000000eb080000, 0x0000000100000000)
  eden space 3584K, 0% used [0x00000000eab00000,0x00000000eab00000,0x00000000eae80000)
  from space 1024K, 70% used [0x00000000eae80000,0x00000000eaf35220,0x00000000eaf80000)
  to   space 1024K, 0% used [0x00000000eaf80000,0x00000000eaf80000,0x00000000eb080000)
 ParOldGen       total 165376K, used 162228K [0x00000000c0000000, 0x00000000ca180000, 0x00000000eab00000)
  object space 165376K, 98% used [0x00000000c0000000,0x00000000c9e6d328,0x00000000ca180000)
 Metaspace       used 94192K, committed 95552K, reserved 1179648K
  class space    used 9825K, committed 10432K, reserved 1048576K
}
Event: 2280.257 GC heap before
{Heap before GC invocations=818 (full 29):
 PSYoungGen      total 4608K, used 4308K [0x00000000eab00000, 0x00000000eb080000, 0x0000000100000000)
  eden space 3584K, 100% used [0x00000000eab00000,0x00000000eae80000,0x00000000eae80000)
  from space 1024K, 70% used [0x00000000eae80000,0x00000000eaf35220,0x00000000eaf80000)
  to   space 1024K, 0% used [0x00000000eaf80000,0x00000000eaf80000,0x00000000eb080000)
 ParOldGen       total 165376K, used 162228K [0x00000000c0000000, 0x00000000ca180000, 0x00000000eab00000)
  object space 165376K, 98% used [0x00000000c0000000,0x00000000c9e6d328,0x00000000ca180000)
 Metaspace       used 94193K, committed 95552K, reserved 1179648K
  class space    used 9825K, committed 10432K, reserved 1048576K
}
Event: 2280.258 GC heap after
{Heap after GC invocations=818 (full 29):
 PSYoungGen      total 4608K, used 538K [0x00000000eab00000, 0x00000000eb080000, 0x0000000100000000)
  eden space 3584K, 0% used [0x00000000eab00000,0x00000000eab00000,0x00000000eae80000)
  from space 1024K, 52% used [0x00000000eaf80000,0x00000000eb006920,0x00000000eb080000)
  to   space 1024K, 0% used [0x00000000eae80000,0x00000000eae80000,0x00000000eaf80000)
 ParOldGen       total 165376K, used 162415K [0x00000000c0000000, 0x00000000ca180000, 0x00000000eab00000)
  object space 165376K, 98% used [0x00000000c0000000,0x00000000c9e9bd28,0x00000000ca180000)
 Metaspace       used 94193K, committed 95552K, reserved 1179648K
  class space    used 9825K, committed 10432K, reserved 1048576K
}
Event: 2281.733 GC heap before
{Heap before GC invocations=819 (full 29):
 PSYoungGen      total 4608K, used 4122K [0x00000000eab00000, 0x00000000eb080000, 0x0000000100000000)
  eden space 3584K, 100% used [0x00000000eab00000,0x00000000eae80000,0x00000000eae80000)
  from space 1024K, 52% used [0x00000000eaf80000,0x00000000eb006920,0x00000000eb080000)
  to   space 1024K, 0% used [0x00000000eae80000,0x00000000eae80000,0x00000000eaf80000)
 ParOldGen       total 165376K, used 162415K [0x00000000c0000000, 0x00000000ca180000, 0x00000000eab00000)
  object space 165376K, 98% used [0x00000000c0000000,0x00000000c9e9bd28,0x00000000ca180000)
 Metaspace       used 94195K, committed 95552K, reserved 1179648K
  class space    used 9825K, committed 10432K, reserved 1048576K
}
Event: 2281.733 GC heap after
{Heap after GC invocations=819 (full 29):
 PSYoungGen      total 4608K, used 372K [0x00000000eab00000, 0x00000000eb000000, 0x0000000100000000)
  eden space 3584K, 0% used [0x00000000eab00000,0x00000000eab00000,0x00000000eae80000)
  from space 1024K, 36% used [0x00000000eae80000,0x00000000eaedd220,0x00000000eaf80000)
  to   space 512K, 0% used [0x00000000eaf80000,0x00000000eaf80000,0x00000000eb000000)
 ParOldGen       total 165376K, used 162423K [0x00000000c0000000, 0x00000000ca180000, 0x00000000eab00000)
  object space 165376K, 98% used [0x00000000c0000000,0x00000000c9e9dd28,0x00000000ca180000)
 Metaspace       used 94195K, committed 95552K, reserved 1179648K
  class space    used 9825K, committed 10432K, reserved 1048576K
}
Event: 2281.739 GC heap before
{Heap before GC invocations=820 (full 29):
 PSYoungGen      total 4608K, used 3956K [0x00000000eab00000, 0x00000000eb000000, 0x0000000100000000)
  eden space 3584K, 100% used [0x00000000eab00000,0x00000000eae80000,0x00000000eae80000)
  from space 1024K, 36% used [0x00000000eae80000,0x00000000eaedd220,0x00000000eaf80000)
  to   space 512K, 0% used [0x00000000eaf80000,0x00000000eaf80000,0x00000000eb000000)
 ParOldGen       total 165376K, used 162423K [0x00000000c0000000, 0x00000000ca180000, 0x00000000eab00000)
  object space 165376K, 98% used [0x00000000c0000000,0x00000000c9e9dd28,0x00000000ca180000)
 Metaspace       used 94195K, committed 95552K, reserved 1179648K
  class space    used 9825K, committed 10432K, reserved 1048576K
}
Event: 2281.739 GC heap after
{Heap after GC invocations=820 (full 29):
 PSYoungGen      total 4096K, used 512K [0x00000000eab00000, 0x00000000eb080000, 0x0000000100000000)
  eden space 3584K, 0% used [0x00000000eab00000,0x00000000eab00000,0x00000000eae80000)
  from space 512K, 100% used [0x00000000eaf80000,0x00000000eb000000,0x00000000eb000000)
  to   space 1024K, 0% used [0x00000000eae80000,0x00000000eae80000,0x00000000eaf80000)
 ParOldGen       total 165376K, used 162766K [0x00000000c0000000, 0x00000000ca180000, 0x00000000eab00000)
  object space 165376K, 98% used [0x00000000c0000000,0x00000000c9ef3be0,0x00000000ca180000)
 Metaspace       used 94195K, committed 95552K, reserved 1179648K
  class space    used 9825K, committed 10432K, reserved 1048576K
}
Event: 2282.005 GC heap before
{Heap before GC invocations=821 (full 29):
 PSYoungGen      total 4096K, used 4096K [0x00000000eab00000, 0x00000000eb080000, 0x0000000100000000)
  eden space 3584K, 100% used [0x00000000eab00000,0x00000000eae80000,0x00000000eae80000)
  from space 512K, 100% used [0x00000000eaf80000,0x00000000eb000000,0x00000000eb000000)
  to   space 1024K, 0% used [0x00000000eae80000,0x00000000eae80000,0x00000000eaf80000)
 ParOldGen       total 165376K, used 162766K [0x00000000c0000000, 0x00000000ca180000, 0x00000000eab00000)
  object space 165376K, 98% used [0x00000000c0000000,0x00000000c9ef3be0,0x00000000ca180000)
 Metaspace       used 94206K, committed 95552K, reserved 1179648K
  class space    used 9825K, committed 10432K, reserved 1048576K
}
Event: 2282.006 GC heap after
{Heap after GC invocations=821 (full 29):
 PSYoungGen      total 4608K, used 570K [0x00000000eab00000, 0x00000000eb080000, 0x0000000100000000)
  eden space 3584K, 0% used [0x00000000eab00000,0x00000000eab00000,0x00000000eae80000)
  from space 1024K, 55% used [0x00000000eae80000,0x00000000eaf0e920,0x00000000eaf80000)
  to   space 1024K, 0% used [0x00000000eaf80000,0x00000000eaf80000,0x00000000eb080000)
 ParOldGen       total 165376K, used 163274K [0x00000000c0000000, 0x00000000ca180000, 0x00000000eab00000)
  object space 165376K, 98% used [0x00000000c0000000,0x00000000c9f72bf0,0x00000000ca180000)
 Metaspace       used 94206K, committed 95552K, reserved 1179648K
  class space    used 9825K, committed 10432K, reserved 1048576K
}
Event: 2282.012 GC heap before
{Heap before GC invocations=822 (full 29):
 PSYoungGen      total 4608K, used 4154K [0x00000000eab00000, 0x00000000eb080000, 0x0000000100000000)
  eden space 3584K, 100% used [0x00000000eab00000,0x00000000eae80000,0x00000000eae80000)
  from space 1024K, 55% used [0x00000000eae80000,0x00000000eaf0e920,0x00000000eaf80000)
  to   space 1024K, 0% used [0x00000000eaf80000,0x00000000eaf80000,0x00000000eb080000)
 ParOldGen       total 165376K, used 163274K [0x00000000c0000000, 0x00000000ca180000, 0x00000000eab00000)
  object space 165376K, 98% used [0x00000000c0000000,0x00000000c9f72bf0,0x00000000ca180000)
 Metaspace       used 94206K, committed 95552K, reserved 1179648K
  class space    used 9825K, committed 10432K, reserved 1048576K
}
Event: 2282.013 GC heap after
{Heap after GC invocations=822 (full 29):
 PSYoungGen      total 4608K, used 736K [0x00000000eab00000, 0x00000000eb080000, 0x0000000100000000)
  eden space 3584K, 0% used [0x00000000eab00000,0x00000000eab00000,0x00000000eae80000)
  from space 1024K, 71% used [0x00000000eaf80000,0x00000000eb038000,0x00000000eb080000)
  to   space 1024K, 0% used [0x00000000eae80000,0x00000000eae80000,0x00000000eaf80000)
 ParOldGen       total 165376K, used 163745K [0x00000000c0000000, 0x00000000ca180000, 0x00000000eab00000)
  object space 165376K, 99% used [0x00000000c0000000,0x00000000c9fe8728,0x00000000ca180000)
 Metaspace       used 94206K, committed 95552K, reserved 1179648K
  class space    used 9825K, committed 10432K, reserved 1048576K
}
Event: 2282.032 GC heap before
{Heap before GC invocations=823 (full 29):
 PSYoungGen      total 4608K, used 4316K [0x00000000eab00000, 0x00000000eb080000, 0x0000000100000000)
  eden space 3584K, 99% used [0x00000000eab00000,0x00000000eae7f050,0x00000000eae80000)
  from space 1024K, 71% used [0x00000000eaf80000,0x00000000eb038000,0x00000000eb080000)
  to   space 1024K, 0% used [0x00000000eae80000,0x00000000eae80000,0x00000000eaf80000)
 ParOldGen       total 165376K, used 163745K [0x00000000c0000000, 0x00000000ca180000, 0x00000000eab00000)
  object space 165376K, 99% used [0x00000000c0000000,0x00000000c9fe8728,0x00000000ca180000)
 Metaspace       used 94221K, committed 95552K, reserved 1179648K
  class space    used 9825K, committed 10432K, reserved 1048576K
}
Event: 2282.033 GC heap after
{Heap after GC invocations=823 (full 29):
 PSYoungGen      total 4608K, used 532K [0x00000000eab00000, 0x00000000eb080000, 0x0000000100000000)
  eden space 3584K, 0% used [0x00000000eab00000,0x00000000eab00000,0x00000000eae80000)
  from space 1024K, 52% used [0x00000000eae80000,0x00000000eaf05220,0x00000000eaf80000)
  to   space 1024K, 0% used [0x00000000eaf80000,0x00000000eaf80000,0x00000000eb080000)
 ParOldGen       total 165376K, used 164357K [0x00000000c0000000, 0x00000000ca180000, 0x00000000eab00000)
  object space 165376K, 99% used [0x00000000c0000000,0x00000000ca081738,0x00000000ca180000)
 Metaspace       used 94221K, committed 95552K, reserved 1179648K
  class space    used 9825K, committed 10432K, reserved 1048576K
}
Event: 2282.039 GC heap before
{Heap before GC invocations=824 (full 29):
 PSYoungGen      total 4608K, used 4116K [0x00000000eab00000, 0x00000000eb080000, 0x0000000100000000)
  eden space 3584K, 100% used [0x00000000eab00000,0x00000000eae80000,0x00000000eae80000)
  from space 1024K, 52% used [0x00000000eae80000,0x00000000eaf05220,0x00000000eaf80000)
  to   space 1024K, 0% used [0x00000000eaf80000,0x00000000eaf80000,0x00000000eb080000)
 ParOldGen       total 165376K, used 164357K [0x00000000c0000000, 0x00000000ca180000, 0x00000000eab00000)
  object space 165376K, 99% used [0x00000000c0000000,0x00000000ca081738,0x00000000ca180000)
 Metaspace       used 94230K, committed 95552K, reserved 1179648K
  class space    used 9825K, committed 10432K, reserved 1048576K
}
Event: 2282.040 GC heap after
{Heap after GC invocations=824 (full 29):
 PSYoungGen      total 4608K, used 704K [0x00000000eab00000, 0x00000000eb080000, 0x0000000100000000)
  eden space 3584K, 0% used [0x00000000eab00000,0x00000000eab00000,0x00000000eae80000)
  from space 1024K, 68% used [0x00000000eaf80000,0x00000000eb030000,0x00000000eb080000)
  to   space 1024K, 0% used [0x00000000eae80000,0x00000000eae80000,0x00000000eaf80000)
 ParOldGen       total 165376K, used 164799K [0x00000000c0000000, 0x00000000ca180000, 0x00000000eab00000)
  object space 165376K, 99% used [0x00000000c0000000,0x00000000ca0effe0,0x00000000ca180000)
 Metaspace       used 94230K, committed 95552K, reserved 1179648K
  class space    used 9825K, committed 10432K, reserved 1048576K
}
Event: 2285.958 GC heap before
{Heap before GC invocations=825 (full 29):
 PSYoungGen      total 4608K, used 4288K [0x00000000eab00000, 0x00000000eb080000, 0x0000000100000000)
  eden space 3584K, 100% used [0x00000000eab00000,0x00000000eae80000,0x00000000eae80000)
  from space 1024K, 68% used [0x00000000eaf80000,0x00000000eb030000,0x00000000eb080000)
  to   space 1024K, 0% used [0x00000000eae80000,0x00000000eae80000,0x00000000eaf80000)
 ParOldGen       total 165376K, used 164799K [0x00000000c0000000, 0x00000000ca180000, 0x00000000eab00000)
  object space 165376K, 99% used [0x00000000c0000000,0x00000000ca0effe0,0x00000000ca180000)
 Metaspace       used 94251K, committed 95616K, reserved 1179648K
  class space    used 9825K, committed 10432K, reserved 1048576K
}
Event: 2285.959 GC heap after
{Heap after GC invocations=825 (full 29):
 PSYoungGen      total 4608K, used 564K [0x00000000eab00000, 0x00000000eb080000, 0x0000000100000000)
  eden space 3584K, 0% used [0x00000000eab00000,0x00000000eab00000,0x00000000eae80000)
  from space 1024K, 55% used [0x00000000eae80000,0x00000000eaf0d220,0x00000000eaf80000)
  to   space 1024K, 0% used [0x00000000eaf80000,0x00000000eaf80000,0x00000000eb080000)
 ParOldGen       total 165888K, used 165448K [0x00000000c0000000, 0x00000000ca200000, 0x00000000eab00000)
  object space 165888K, 99% used [0x00000000c0000000,0x00000000ca192010,0x00000000ca200000)
 Metaspace       used 94251K, committed 95616K, reserved 1179648K
  class space    used 9825K, committed 10432K, reserved 1048576K
}
Event: 2285.966 GC heap before
{Heap before GC invocations=826 (full 30):
 PSYoungGen      total 4608K, used 4148K [0x00000000eab00000, 0x00000000eb080000, 0x0000000100000000)
  eden space 3584K, 100% used [0x00000000eab00000,0x00000000eae80000,0x00000000eae80000)
  from space 1024K, 55% used [0x00000000eae80000,0x00000000eaf0d220,0x00000000eaf80000)
  to   space 1024K, 0% used [0x00000000eaf80000,0x00000000eaf80000,0x00000000eb080000)
 ParOldGen       total 165888K, used 165448K [0x00000000c0000000, 0x00000000ca200000, 0x00000000eab00000)
  object space 165888K, 99% used [0x00000000c0000000,0x00000000ca192010,0x00000000ca200000)
 Metaspace       used 94252K, committed 95616K, reserved 1179648K
  class space    used 9826K, committed 10432K, reserved 1048576K
}

